[web/index.html]
[web/png/af66bbb2c518ee0d7f3adb9062a419e9.png]
[web/png/af66bbb2c518ee0d7f3adb9062a419e9-2.png]
[web/png/af66bbb2c518ee0d7f3adb9062a419e9-3.png]
[backblue.gif]
[fade.gif]
[index.html]
[web/jpg/a15a1e5c5bb43bd487624c3ebf5fe198.jpg]
[web/css/group-all.css]
[web/css/group-2-pro.css]
[web/css/preview.pro.css]
[web/jpg/1267490b718af3f438f06cfff3fc5548.jpg]
[web/jpg/dfe623a56ef3b488a23ce7dab48a5173.jpg]
[web/png/5fb7ca9441bfac335e01fa94ddd5a4cd.png]
[web/jpg/cabc392d98ef1660676def0c780f3425.jpg]
[web/png/23f37720dee14ed4d6b09a00e01b0f96.png]
[web/jpg/85143b94da2693c4e8f9d03c1bd8af40.jpg]
[web/png/e9785741ce6ea7cf65c58a6c0967be37.png]
[web/png/60f92e9c57ef53ec279f2903799cdc03.png]
[web/jpg/be73ffcadc6ecc5b4b8c8d3327db738d.jpg]
[web/png/2bfec83881d7b6e378a93d1f0b04f219.png]
[web/jpg/ce477c47e192488c52d57ff12621ba79.jpg]
[web/jpg/9a4b27af182328c58f86b1bbedcd6e87.jpg]
[web/jpg/204dddba51ccc151875888a5f1950441.jpg]
[web/jpg/ded4fca1b8069474492c90cb738c9679.jpg]
[web/jpg/e7d38f26c4b27b73dd7b283ae0caef19.jpg]
[web/jpg/68f8430fd8ce353a0f4acd983f59c634.jpg]
[web/jpg/68f8430fd8ce353a0f4acd983f59c634-2.jpg]
[web/png/9676b8aa943845cf96eef1c098464cb1.png]
[web/jpg/04a4751a1dad6c084bd2938c294df53a.jpg]
[web/jpg/6fb4ab53352c1c4ad0b950fa19928bc7.jpg]
[web/jpg/b1440a38a0826c6c7c7e8e0685592fb7.jpg]
[web/jpg/bc66a9bfcade904d381b973fa8deb211.jpg]
[web/png/e9785741ce6ea7cf65c58a6c0967be37-2.png]
[web/jpg/34cdde3bd95c4cb4b7db20220885a03b.jpg]
[web/jpg/66e276155d5bc2fa9bca2725dbdb46d7.jpg]
[web/jpg/ca8018f06657d8431cc7bc696f6905e3.jpg]
[web/jpg/8f54b16edbe615cd5df3c502b9de9ce9.jpg]
[web/png/e9785741ce6ea7cf65c58a6c0967be37-3.png]
[web/js/group-all.js]
[web/js/group-2.pro.js]
[web/index.html]
[web/css/group-all.css]
[web/css/group-2-pro.css]
[web/css/preview.pro.css]
[web/js/preview.pro.js]
