[web/index-2.html]
[web/index-3.html]
[web/index-4.html]
[web/index-6.html]
[web/index-7.html]
[web/index-8.html]
[web/index.html]
[backblue.gif]
[fade.gif]
[index.html]
[web/index-5.html]
[web/index-9.html]
[web/css/fc04771a87bfbf8ce587db2bf5a9998e.css]
[web/index-10.html]
[web/index-11.html]
[web/png/logo-slife1557391230sp7cx.png]
[web/css/font-awesomec225.css]
[web/css/printc225.css]
[web/png/youtube.png]
[web/js/jquery4a5f.js]
[web/png/cropped-logo-min-blue-1-32x32.png]
[web/png/cropped-logo-min-blue-1-192x192.png]
[web/png/cropped-logo-min-blue-1-180x180.png]
[web/png/logo-slife1557391230sp7cx-2.png]
[web/png/he-thong-phong-tap-slife-2-1.png]
[web/png/he-thong-phong-tap-slife-3-3.png]
[web/png/he-thong-phong-tap-slife-4-3.png]
[web/png/he-thong-phong-tap-slife-5-3.png]
[web/png/he-thong-phong-tap-slife-6-1.png]
[web/png/he-thong-phong-tap-slife-7-2.png]
[web/png/he-thong-phong-tap-slife-8-1.png]
[web/png/he-thong-phong-tap-slife-9-1.png]
[web/png/he-thong-phong-tap-slife-10.png]
[web/png/he-thong-phong-tap-slife-11.png]
[web/png/he-thong-phong-tap-slife-12.png]
[web/png/he-thong-phong-tap-slife-13.png]
[web/png/thon-gon-voc-dang-cung-dance-group-x-1.png]
[web/png/nhÂn-ĐÔi-hiỆu-quẢ-cÙng-hlv-cÁ-nhÂn.png]
[web/png/thÂn-tỊnh-tÂm-an-cÙng-yoga-xanh.png]
[web/png/nhÂn-ĐÔi-hiỆu-quẢ-cÙng-hlv-cÁ-nhÂn-2.png]
[web/jpg/cam-ket-3.jpg]
[web/png/khách-mới-1.png]
[web/png/khách-mới-2.png]
[web/png/khách-mới-3.png]
[web/js/lazyload.min.js]
[web/index.html]
[web/js/2a01a72a0a11f13d730d7eea94790d8c.js]
[web/jpg/5a5cf58cc2e4f2c6872614ff67fe522b_cover.jpg]
[web/css/6ed00d42bd56df6861438ad9da061a63.css]
[web/js/firebase.js]
[web/js/firebase-app.js]
[web/png/logo-new-1.png]
[web/png/icon-vân-tay-1.png]
[web/jpg/babe-1-2.jpg]
[web/jpg/babe-3-1.jpg]
[web/jpg/babe-4-1.jpg]
[web/png/feature-icon7.png]
[web/png/feature-icon8-2.png]
[web/png/feature-icon9.png]
[web/png/banner-2-1.png]
[web/jpg/touchfinger.jpg]
[web/png/pattern4.png]
[web/png/pattern2.png]
[web/png/man_9837-removebg-preview.png]
[web/jpg/z2222852734080_fbe8145f7004bcd866e18900f4188829.jpg]
[web/jpg/16-3.jpg]
[web/jpg/68744978_2282533015294409_7624102485577170944_o.jpg]
[web/png/logo-new.png]
[web/png/zalo.png]
[web/index-2.html]
[web/js/5a11d5555ba261e816aef622e8b596c9.js]
[web/css/b3842872b4668558bd2ed4597266c973.css]
[web/png/9cc01660cb95af245b2b6ca0ab43b5eb_cover-1.png]
[web/jpg/h1bf45a1510c24cf0b8bfde4c23225fc1j.jpg_80x80.jpg]
[web/jpg/ali1111.jpg]
[web/jpg/banner-4-1.jpg]
[web/png/ggs-copy.png]
[web/jpg/banner-home-2-2-scaled.jpg]
[web/png/bang-gia-ggs.png]
[web/js/fbevents.js]
[web/index-3.html]
[web/js/67ee1dcdfe7b6765084ce067a6812a07.js]
[web/css/622307b5aa6983605b5a89a1b7bede0d.css]
[web/png/untitled-1-3.png]
[web/png/untitled-1-4.png]
[web/jpg/cover.jpg]
[web/jpg/cover-2-1-scaled.jpg]
[web/jpg/z2350594110591_178e0be3802b259178e7612e473fcd93-7.jpg]
[web/jpg/z2350594118309_2424b1cedca4fd32dfa1592c8346c54b-7.jpg]
[web/jpg/z2350594113679_5ea980dd7ee6ac553a0bbb98ed613887-7.jpg]
[web/jpg/z2350594119375_6697ea69e7717eec206a558db70b4ea2-7.jpg]
[web/jpg/z2350594000918_34e0a8b7b77b21cdff668eda6c2a736e-6.jpg]
[web/jpg/z2350593993905_2fa073bcbb65c4322f442512b419050b-6.jpg]
[web/jpg/z2350593972881_334b67cdb16b533c19285b8b7de550c8-6.jpg]
[web/jpg/z2350593993577_a0c2886df2eb318a0c0ac8ae21829466-6.jpg]
[web/jpg/z2350593995284_da81d056569bee9d6dce270c414331bb-6.jpg]
[web/jpg/z2350593978890_4ebbb1cc84f3797dfeced46fd90ff81a-6.jpg]
[web/jpg/z2350593970035_f81ebf920a93588185cba4bfea407c36-6.jpg]
[web/jpg/z2350593985267_fd61f63b03bcca7ea211c72c15f8416f-6.jpg]
[web/jpg/z2350593968238_7bff5d36dd5dd990288e378c2ca46ed5-6.jpg]
[web/jpg/z2350593965953_6ab35791f67688c80856aa8232b3d578-6.jpg]
[web/jpg/z2350593965877_6a410acd8d9b495a06eb3889eb92fe4b-6.jpg]
[web/jpg/z2350593954136_fcbf5a8e391c65719e99b2f4265bbb21-6.jpg]
[web/jpg/z2350593950295_9ef6cdcf5b42d30350ae07cc88662b0e-6.jpg]
[web/jpg/z2350593946094_aaca0fadaaa4838189300f26e54a36fa-6.jpg]
[web/jpg/z2350593944761_a526bd0f80a8b39eb851b3e10130d08b-6.jpg]
[web/jpg/z2350593942497_cbec7a7f60974156259a385908dcf6a3-6.jpg]
[web/jpg/z2350593959714_c33eaddd12a942655974a76baf678bd3-copy-1.jpg]
[web/jpg/z2350593925319_70a83d02f5f21d9291e0f74201a57de1-6.jpg]
[web/jpg/z2350593923038_d8de93060f1d6fe06d749481b96e1252-6.jpg]
[web/jpg/z2350593919957_6608c34af84d9050a9bb22ffdbeef40d-6.jpg]
[web/jpg/z2350593919171_f056bbc9e279447a8813b1968fd21ba6-6.jpg]
[web/jpg/z2350593912082_7bb905e4965fe81054402b3b40e10d78-6.jpg]
[web/jpg/z2350593910238_5aca590166ec1542989217720c7a2f74-6.jpg]
[web/jpg/z2350593913812_c80e159d24b1ab1f47ea5820d99b2cfd-6.jpg]
[web/jpg/z2350593906234_07ad071714c5a77a4871f9bd64f9be72-6.jpg]
[web/jpg/z2350593898321_25af505f96d7d225446517d468d9c30f-6.jpg]
[web/jpg/z2350593900957_62fcf097c2c70d87de382077a46c3bfc-6.jpg]
[web/jpg/z2350593893767_47368bd2c3c9d43e54709bb858896421-6.jpg]
[web/jpg/z2350593904619_20f2d7ff64ee95fbbd2addaf88928fd3-6.jpg]
[web/jpg/z2350593885206_548af46fb671f9127a779684f3111c0c-6.jpg]
[web/jpg/z2350593849023_cdc58c247c2556d521600fd9c6cbad02-6.jpg]
[web/jpg/z2350593891595_911ec812e0f3b92f79f7b630c7914d94-6.jpg]
[web/jpg/z2350593881192_84321e752ef5c7439be763d4499aac71-6.jpg]
[web/jpg/z2350593840149_258e305362873e030a6ab4070bca0926-6.jpg]
[web/jpg/z2350593843233_0fc1c191383be99f097cf8f3b68e99ae-6.jpg]
[web/jpg/z2350593881360_9b08b52fa96fdc33adbedc38cccaf593-6.jpg]
[web/jpg/z2350593903065_9cb2cba393cc98949845b09932193997-6.jpg]
[web/jpg/z2350593841514_9a5298a279bb8c89454f2ed2d6701626-6.jpg]
[web/jpg/z2350593876692_49c88d93af4abf96f42f4f3fa2269f90-6.jpg]
[web/jpg/z2350593877296_cc99f59efcf85a25dc823568f96ad7e7-6.jpg]
[web/jpg/z2350593871351_d6fcb84dc54ad82a9e85da959938a9cc-6.jpg]
[web/jpg/z2350593872180_acbdc00be5fe01cd84efb43404da7b86-6.jpg]
[web/jpg/z2350593868049_a8346fb01e7311df5c281ef83393a3af-6.jpg]
[web/jpg/z2350593863892_d70aa36ce976087608b27208fb91a192-6.jpg]
[web/jpg/z2350593860175_fab38ee764523616f82b6370bbc5e2bf-6.jpg]
[web/jpg/z2350593859334_099dcdd795ccc9bb32397fa32b15adb3-6.jpg]
[web/jpg/z2350593850917_1507d92edde6f94454ea62140b3adf8d-6.jpg]
[web/jpg/z2350593862940_a15faa547f9680dea501714acfc73a5b-6.jpg]
[web/jpg/z2350080078038_5026c8c9d00f5a39ad166e29c70ef957.jpg]
[web/jpg/z2350080082406_cfd45624974ff2d1566158dca6519a3a.jpg]
[web/jpg/z2350080146632_edc05b8beb228f4cd2f1aff8d78f6bd5.jpg]
[web/jpg/z2350080148243_4806db1f1df495efc7f682cbd82af2f6.jpg]
[web/jpg/z2350080150099_453c4e947b59509d4f397f097b78860d.jpg]
[web/jpg/z2350080154071_bf183f89a05afec139ef714fcafe541c.jpg]
[web/jpg/z2350080151012_6912d8d2f45a3e370b47c4e6b021c384.jpg]
[web/jpg/z2350080158076_c5864d92e1240cbfd6f3d51c7551bffe.jpg]
[web/jpg/z2350080162100_ab9a051e2da307c6311d5167d27703bf.jpg]
[web/jpg/z2350080158874_caa677d2e541a371a4d9576a79ec737a.jpg]
[web/jpg/z2350080136231_9c2c7d7cbcf6beaf47c2d7cb8ff0a814.jpg]
[web/jpg/z2350080131216_f4081d8059d8f1297d0b708166265c74-1.jpg]
[web/jpg/z2350080131215_02e47d94e6f2302fbef047e604d1ae77-1.jpg]
[web/jpg/z2350080131112_819ac1acbcc797229c74068aca64ba6b-1.jpg]
[web/jpg/z2350080127878_b4d106144303545486bb9c8083e5a604.jpg]
[web/jpg/z2350080125265_2f21bb07774ff2391609905cda973832.jpg]
[web/jpg/z2350080122948_2b97b1bbb51464be2f212d2618f9cdf5.jpg]
[web/jpg/z2350080120256_6b2e38526c28986fd2116fcf803552b2.jpg]
[web/jpg/z2350080111289_78f044beb466442f57415ebbaa1b211a.jpg]
[web/jpg/z2350080109274_7cf08a95f247a328694ef630ab829406.jpg]
[web/jpg/z2350080107933_387e666ae6ddd0b1e130374875ca7f90.jpg]
[web/jpg/z2350080106638_58b348657369d76663fd3bc37b5f6ae5.jpg]
[web/jpg/z2350080103174_1673be8f6e470aec9e8b873771a582d6.jpg]
[web/jpg/z2350080102961_29942314d112f96e5420d4509bd3bf63.jpg]
[web/jpg/z2350080097329_1237148c397c25e5061a480431d486c1.jpg]
[web/jpg/z2350080095288_d22df99ed3d004492d0ee115eb84b19f.jpg]
[web/jpg/z2350080091053_9bb56b391749360e8f26fb0757e4ac70.jpg]
[web/jpg/z2350080090247_80f071a772ed17322d48beae3426e0ba.jpg]
[web/jpg/z2350080086892_c4796a990a584c72bdfbcde4d41a0b30.jpg]
[web/jpg/z2350080086353_b522250b73cc8c6f6657171299b24978.jpg]
[web/jpg/z2350080083722_af7c2d117fb450a39dfcb3c8f07c73b6.jpg]
[web/jpg/z2350080082406_cfd45624974ff2d1566158dca6519a3a-1.jpg]
[web/jpg/z2350080078038_5026c8c9d00f5a39ad166e29c70ef957-1.jpg]
[web/jpg/z2350080076606_83c5c10cfe1122fc2196536e30392884-1.jpg]
[web/jpg/z2350080070441_07bf54a01927c606255fea770a53b6b2-1.jpg]
[web/jpg/z2350080068853_f197b7e9588115f8407299e9cda73e0a.jpg]
[web/jpg/z2350080068115_37ca41bdfe129aba22537bb4dbe3f90d-1.jpg]
[web/jpg/z2350080066165_374f968d76f6665cc95a0f3d61cc0862.jpg]
[web/jpg/z2350080060895_304da2d18ef6d77ff499b3076018797b.jpg]
[web/jpg/z2350080058003_54a1fc9852cf2bf5da873b71663208f5.jpg]
[web/jpg/z2350080054724_5ce40a0b2cfcb2697c4970d414575150-1.jpg]
[web/jpg/z2350080053053_9ff62faf9ac1feb4097e898f563fd477-1.jpg]
[web/jpg/z2350080051022_75f50ca1ce7264f56a161fa3d2fb957a-1.jpg]
[web/png/placeholder.png]
[web/index-4.html]
[web/js/7c694a4ce12a5069ced809eb3fb98054.js]
[web/css/258b7acd69a320fdbd8870af909f05a4.css]
[web/jpg/d77c095436f36fd80702ffb246d01f04_cover-scaled.jpg]
[web/png/logo-4.png]
[web/png/z2374648433241_91948c16d272a1538eea136f8c355c9a-removebg-preview.png]
[web/jpg/absoft-1.jpg]
[web/jpg/z2374648433579_e1a4f94aab98d753f923ad104e0145f4-scaled.jpg]
[web/jpg/anhdaidien.jpg]
[web/jpg/a93252c8f64905175c58-1.jpg]
[web/jpg/dsc07450-copy-1.jpg]
[web/jpg/z2374648434067_d618d6a973667ae0b45a24e46bcd77dd-scaled.jpg]
[web/index-5.html]
[web/js/4dc198efbd0a90dd74e85a0c3062eac4.js]
[web/png/d541fc6596fc8d2b488faec2df3b9d90_cover-1.png]
[web/css/89157a7c701bf7db14e4e28de00efccb.css]
[web/jpg/z2368160963800_2beef9eea8c53a4e9a047c7cb496b021.jpg]
[web/png/trang-thiet-bi-nha-khoa.png]
[web/jpg/boc-su-2.jpg]
[web/jpg/veneer-2.jpg]
[web/jpg/implant-2.jpg]
[web/jpg/nr8-1.jpg]
[web/jpg/nieng-mac-cai-su-1.jpg]
[web/jpg/invi-1.jpg]
[web/jpg/Điều-trị-tủy.jpg]
[web/jpg/cuoi-ho-loi-1-1.jpg]
[web/jpg/quy-trinh-cấy-ghép-implant.jpg]
[web/jpg/quy-trình-chỉnh-nha-cố-định.jpg]
[web/jpg/quy-trinh-trong-răng-sứ.jpg]
[web/jpg/dienvien-1.jpg]
[web/jpg/a5-kieu-thanh-360x288-1.jpg]
[web/jpg/a4-mc-minh-ha-360x288-1.jpg]
[web/jpg/hinh-anh-nha-khoa-1.jpg]
[web/jpg/hinh-anh-nha-khoa-2.jpg]
[web/jpg/hinh-anh-nha-khoa-4-1.jpg]
[web/jpg/hinh-anh-nha-khoa-3.jpg]
[web/jpg/hinh-anh-nha-khoa-5.jpg]
[web/jpg/hinh-anh-nha-khoa-6.jpg]
[web/jpg/boc-rang-tham-my-3.jpg]
[web/jpg/boc-rang-tham-my-4.jpg]
[web/jpg/boc-rang-tham-my-7.jpg]
[web/jpg/boc-rang-tham-my-2.jpg]
[web/jpg/hinh-anh-phong-kham-4-1.jpg]
[web/jpg/hinh-anh-phong-kham-7-1.jpg]
[web/jpg/hinh-anh-phong-kham-10-1.jpg]
[web/jpg/hinh-anh-phong-kham-12-1.jpg]
[web/jpg/hinh-anh-phong-kham-13-1.jpg]
[web/jpg/hinh-anh-phong-kham-17-1.jpg]
[web/jpg/hinh-anh-phong-kham-20-1.jpg]
[web/jpg/hinh-anh-phong-kham-23-1.jpg]
[web/png/bac-sy-bg.png]
[web/jpg/d1-chinh-sach-bao-hanh-e1585789657192-p7fyy4rk0au3vvkhnz4gjumtgm9ieln6pv9ee7ae3s.jpg]
[web/jpg/quy-trinh-nieng-rang-shinbi-1-p7fza70zprckvq1p86u3jt1rwmt36rj6dknq41ei94.jpg]
[web/jpg/d1-chinh-sach-bao-hanh-e1585789657192-p7fyy4rovpzubw7fbml50609lz411mi291m2zt7a88.jpg]
[web/index-6.html]
[web/js/67bcd23ea735b4891bb1c31a5b3ef2a1.js]
[web/css/062b0485b45fe5c48ef432e6942626a1.css]
[web/png/logo-viettel.png]
[web/png/logo-viettel-2.png]
[web/index-7.html]
[web/js/889f4c5bc617742013442a8b5e896281.js]
[web/css/7f5ceb35d8027cbf8fa003c129177ae3.css]
[web/png/theme.png]
[web/png/logo-15.png]
[web/jpg/750x422.jpg]
[web/jpg/750x422-1.jpg]
[web/jpg/1563x880.jpg]
[web/jpg/1563x880-2.jpg]
[web/png/hoangyen-cuisine.png]
[web/png/doc-1.png]
[web/png/doc-2-1.png]
[web/png/doc-3.png]
[web/png/doc-4.png]
[web/png/doc-5.png]
[web/jpg/1-15.jpg]
[web/jpg/nha-hang-hoang-yen-cambodia-4-1.jpg]
[web/jpg/3-12.jpg]
[web/jpg/26f5a4c5ee22190f8992f0784f4934d5.jpg]
[web/jpg/4-7.jpg]
[web/jpg/5-6.jpg]
[web/jpg/uu-dai-1-1.jpg]
[web/jpg/uu-dai-3-1-1.jpg]
[web/png/uu-dai-4-1.png]
[web/jpg/uu-dai-5-1.jpg]
[web/png/hoangyen-cuisine-1.png]
[web/jpg/img_5582-250x168.jpg]
[web/jpg/img_5575-250x168.jpg]
[web/jpg/img_5561-250x168.jpg]
[web/jpg/img_5556-250x168.jpg]
[web/jpg/img_5542-250x168.jpg]
[web/jpg/img_1698-250x168.jpg]
[web/jpg/img_1702-250x168.jpg]
[web/jpg/img_1690-250x168.jpg]
[web/jpg/img_1685-250x168.jpg]
[web/jpg/img_1684-250x168.jpg]
[web/jpg/img_0785-250x168.jpg]
[web/jpg/img_0791-250x168.jpg]
[web/jpg/img_0787-250x168.jpg]
[web/jpg/img_0786-250x168.jpg]
[web/jpg/img_0784-250x168.jpg]
[web/jpg/img_0793-250x168.jpg]
[web/jpg/img_8624-250x168.jpg]
[web/jpg/img_8599-250x168.jpg]
[web/jpg/img_8597-250x168.jpg]
[web/jpg/img_8559-250x168.jpg]
[web/jpg/img_8525-250x168.jpg]
[web/jpg/img_0900-250x168.jpg]
[web/jpg/img_0897-250x168.jpg]
[web/jpg/img_0849-250x168.jpg]
[web/jpg/img_1016-250x168.jpg]
[web/jpg/img_0892-250x168.jpg]
[web/jpg/img_0753-250x168.jpg]
[web/jpg/mg_5650-logo-250x168.jpg]
[web/jpg/mg_5635-logo-250x168.jpg]
[web/jpg/mg_5606-logo-250x168.jpg]
[web/jpg/mg_5583-logo-250x168.jpg]
[web/jpg/hoangyen-phumyhung-3-250x168.jpg]
[web/jpg/hoangyen-phumyhung-5-250x168.jpg]
[web/jpg/img_0591-250x168.jpg]
[web/jpg/img_0582-250x168.jpg]
[web/jpg/img_0576-250x168.jpg]
[web/jpg/img_0568-250x168.jpg]
[web/jpg/22-250x168.jpg]
[web/jpg/21-250x168.jpg]
[web/jpg/18-250x168.jpg]
[web/jpg/12-250x168.jpg]
[web/jpg/6-250x168.jpg]
[web/jpg/3-250x168.jpg]
[web/jpg/mg_5326-250x168.jpg]
[web/jpg/mg_5305-250x168.jpg]
[web/jpg/mg_5286-250x168.jpg]
[web/jpg/mg_5237-250x168.jpg]
[web/jpg/mg_5302-250x168.jpg]
[web/jpg/mg_8010-250x168.jpg]
[web/jpg/mg_7968-250x168.jpg]
[web/jpg/mg_7957-250x168.jpg]
[web/jpg/mg_7875-250x168.jpg]
[web/jpg/mg_7901-250x168.jpg]
[web/jpg/mg_7830-250x168.jpg]
[web/index-8.html]
[web/js/2c38c97d7ac0b0b973ad3ae86e10915d.js]
[web/css/9e00fe84907f27bcdc1cfee23fbf5b4b.css]
[web/png/backgr.png]
[web/png/sfl-logo-primary-color.png]
[web/jpg/7-4.jpg]
[web/jpg/8-3.jpg]
[web/jpg/9-4.jpg]
[web/jpg/10-12.jpg]
[web/jpg/11-2.jpg]
[web/jpg/12-8.jpg]
[web/jpg/post-opening-pnt.jpg]
[web/png/26a1.png]
[web/jpg/post-opening-pct-2.jpg]
[web/png/1f380.png]
[web/jpg/dsc_1025-copy.jpg]
[web/jpg/sfl-trần-duy-hưng-copy-1024x683-2.jpg]
[web/jpg/bep-mo-sfl.jpg]
[web/jpg/event-copy-1024x682-2.jpg]
[web/png/logo-capella-d1-01.png]
[web/png/logodimai.png]
[web/png/logosanfulou.png]
[web/png/sorae-logo-white_1.png]
[web/index-9.html]
[web/js/fc438aa9eb89a72a30950dca405877e4.js]
[web/css/a71708ceda26bda57e443688d75dcb61.css]
[web/png/mau-ldp-nha-khoa-02.png]
[web/png/logo-18.png]
[web/png/banner-2-2.png]
[web/png/line.png]
[web/png/geology.png]
[web/png/research.png]
[web/png/sociology.png]
[web/png/philosophy.png]
[web/png/offer.png]
[web/png/dentistry.png]
[web/jpg/nha-khoa-ngoc-anh-.jpg]
[web/jpg/z2230978955158_04a7ba77dfe01e6f99932800fdbd5f76.jpg]
[web/jpg/z2230978932090_50df1c3dae4183f9bfb352d989c5f585.jpg]
[web/jpg/z2230979001397_caad73294bd581662f5844c16f843386.jpg]
[web/jpg/z2230979009572_7b45a361c7d8b0ca8c364327a37a10e0.jpg]
[web/jpg/z2236062386007_7e5217f8081ef5671cde0a66debeb9ed.jpg]
[web/jpg/z2230979128906_2ca17706f69e1d17f502fc6dda5170fc.jpg]
[web/jpg/z2230979136211_83b2732694985687b9f0e68183382d56.jpg]
[web/jpg/z2230979143495_6784f7331d94725acfba4fb8a0b8e1d7.jpg]
[web/jpg/z2230979147475_03c4bc10b5389bce60c82bd0c889de88.jpg]
[web/jpg/z2230979158189_3809ae1fe2cf84e2eac498927a8d0b99.jpg]
[web/jpg/z2230979246510_9be3a28033c57e06934e2101b56d6da8.jpg]
[web/jpg/z2230979256734_18908124f0606f5079bae0b1c88961bb.jpg]
[web/jpg/z2230979284202_4168fe0424ade27e75640d9eb9d426df.jpg]
[web/jpg/z2230979291098_e2a7fd26f32ffbf1db6dcfdef367ea06.jpg]
[web/jpg/z2230979300249_3a0ad602a912192962fa11107323ec52.jpg]
[web/png/logo-19.png]
[web/index-10.html]
[web/js/f63db4a4407912d7ec656ab6d4365c09.js]
[web/css/aaa391b8ea1a2bc2d7f49bef188907c6.css]
[web/png/screenshot_1595337940.png]
[web/png/simple-1.png]
[web/jpg/cfyc_shyn_dance_lp_headbanner_desktop_1900x600.jpg]
[web/jpg/weightloss-header-d.jpg]
[web/jpg/yoga-header-d.jpg]
[web/jpg/cach-giam-can-nhanh-nhat-1.jpg]
[web/jpg/cach-giam-can-hieu-qua.jpg]
[web/jpg/cach-giam-can-hieu-qua-nhat.jpg]
[web/jpg/cach-giam-can.jpg]
[web/jpg/giam-can-nhanh.jpg]
[web/jpg/club-nha-trang-light.jpg]
[web/jpg/club-can-tho-light.jpg]
[web/png/logo-ufc.png]
[web/png/logo-yoga.png]
[web/png/logo-cen.png]
[web/png/logo-kid.png]
[web/jpg/trainer-1.jpg]
[web/jpg/trainer-2.jpg]
[web/jpg/trainer-3.jpg]
[web/jpg/trainer-4.jpg]
[web/png/testimonial-4.png]
[web/png/celeb-1.png]
[web/png/celeb-2.png]
[web/png/celeb-3.png]
[web/png/celeb-4.png]
[web/png/celeb-5.png]
[web/png/celeb-6.png]
[web/png/celeb-7.png]
[web/png/celeb-9.png]
[web/jpg/banner-pt-toto.jpg]
[web/jpg/banner-yoga-baoanh.jpg]
[web/index-11.html]
[web/js/3282534d977b98e43d6ac8c5619b4886.js]
[web/png/dummy-map.png]
[web/jpg/3616-2.jpg]
[web/css/fc04771a87bfbf8ce587db2bf5a9998e.css]
[web/css/font-awesomec225.css]
[web/css/printc225.css]
[web/nhÂn-ĐÔi-hiỆu-quẢ-cÙng-hlv-cÁ-nhÂn.html]
[web/thÂn-tỊnh-tÂm-an-cÙng-yoga-xanh.html]
[web/nhÂn-ĐÔi-hiỆu-quẢ-cÙng-hlv-cÁ-nhÂn-2.html]
[web/khách-mới-1.html]
[web/khách-mới-2.html]
[web/khách-mới-3.html]
[web/gtm5445.html]
[web/png/bg_sosanh.png]
[web/css/6ed00d42bd56df6861438ad9da061a63.css]
[web/icon-vân-tay-1.html]
[web/jpg/banner-home-1-scaled.jpg]
[web/css/b3842872b4668558bd2ed4597266c973.css]
[web/png/b.png]
[web/png/post.png]
[web/js/fbevents.js]
[web/css/622307b5aa6983605b5a89a1b7bede0d.css]
[web/jpg/blue-copy-space-digital-background_23-2148821698.jpg]
[web/css/258b7acd69a320fdbd8870af909f05a4.css]
[web/png/banner-home-16-9.png]
[web/css/89157a7c701bf7db14e4e28de00efccb.css]
[web/Điều-trị-tủy.html]
[web/quy-trinh-cấy-ghép-implant.html]
[web/quy-trình-chỉnh-nha-cố-định.html]
[web/quy-trinh-trong-răng-sứ.html]
[web/jpg/banner-1-2.jpg]
[web/css/062b0485b45fe5c48ef432e6942626a1.css]
[web/png/background_2.png]
[web/css/7f5ceb35d8027cbf8fa003c129177ae3.css]
[web/jpg/bg_home_intro-1920x1080-1.jpg]
[web/css/9e00fe84907f27bcdc1cfee23fbf5b4b.css]
[web/sfl-trần-duy-hưng-copy-1024x683-2.html]
[web/jpg/triet-ria-mep-vinh-vien-2.jpg]
[web/css/a71708ceda26bda57e443688d75dcb61.css]
[web/css/aaa391b8ea1a2bc2d7f49bef188907c6.css]
