[web/62ad8d12bc53d700d6641c4e.html]
[backblue.gif]
[fade.gif]
[index.html]
[web/js/ladipage.vi.minc647.js]
[web/png/blackmiack-20220601160535.png]
[web/png/33-20220609025228.png]
[web/png/600-20220601174127.png]
[web/png/vong-20220601154838.png]
[web/png/logo-20220617081728.png]
[web/png/khung-20220601154838.png]
[web/png/4-goc-20220601154838.png]
[web/png/global-20220601154837.png]
[web/png/khung-caro-20220601154837.png]
[web/png/hadow-20220601154832.png]
[web/png/star-20220601154832.png]
[web/png/star--104874735.png]
[web/png/star--104874736.png]
[web/png/ao-1-20220601154832-20220618070752.png]
[web/png/ao-2-20220601154832-20220618070752.png]
[web/png/shadow-20220601154832.png]
[web/png/ao-3-20220601154832-20220618070752.png]
[web/png/khung-4-goc-20220601154831.png]
[web/png/element-20220601154831.png]
[web/png/cta-20220601154830.png]
[web/png/earth-20220601154831.png]
[web/jpg/j003vbbd20200720085748.jpg]
[web/png/ao-so-mi-20220601161719-20220618070752.png]
[web/jpg/j003vbbd20200720085748-2.jpg]
[web/jpg/sfolwkgi20200702075722.jpg]
[web/jpg/sfolwkgi20200702075722-2.jpg]
[web/jpg/xzzhya7a20200702075722.jpg]
[web/jpg/xzzhya7a20200702075722-2.jpg]
[web/jpg/xybe-1u920200616070601.jpg]
[web/jpg/xybe-1u920200616070601-2.jpg]
[web/jpg/fbnaufoq20200616070628.jpg]
[web/jpg/fbnaufoq20200616070628-2.jpg]
[web/png/khung-b-20220601161719.png]
[web/png/hlf-global-20220601163447.png]
[web/png/goc-20220601164328.png]
[web/png/sao-20220601164617.png]
[web/png/4-goc-a-20220601164615.png]
[web/png/mau-2-20220601164559-20220618075340.png]
[web/png/mau-1-20220601164559-20220618075340.png]
[web/png/mau-3-20220601164559-20220618075340.png]
[web/png/mau-4-20220601164558-20220618075340.png]
[web/png/vong-20220601165600.png]
[web/png/ao-thun-2-20220603012810-20220618075339.png]
[web/png/ao-thun-1-20220603012810-20220618075339.png]
[web/png/nam-20220601171014-20220618070752.png]
[web/png/nuec-20220601171014-20220618070752.png]
[web/png/vong-a-20220601171014.png]
[web/png/sao-a-20220601171014.png]
[web/png/earth-2-20220601171013.png]
[web/png/logo-dden-20220618064724.png]
[web/png/vong-vc-20220601171307.png]
[web/png/khung-sao-20220601171307.png]
[web/png/erath-2-20220601171013.png]
[web/png/tron-20220601171616.png]
[web/png/4-csnh-20220601171616.png]
[web/png/caro-20220601172302.png]
[web/png/goc-4-20220601172302.png]
[web/png/shdwo-2-20220601172301.png]
[web/png/ao-4-20220601172309-20220618070752.png]
[web/png/ao-5-20220601172309-20220618070752.png]
[web/png/line-20220601172308.png]
[web/png/ao-6-20220601172309-20220618070752.png]
[web/png/stroke-20220601172302.png]
[web/png/sao-hoa-20220601172302.png]
[web/png/sow-20220601172302.png]
[web/png/khung-goc-20220601172302.png]
[web/png/balck-mo-20220601172301.png]
[web/png/20-20220601172302.png]
[web/png/20-2-20220601172302.png]
[web/png/logo--88947839.png]
[web/png/sao-hoa-trang-20220601174320.png]
[web/png/logo--88947840.png]
[web/png/sweet-plant-trang-1-20220602165759-20220618070929.png]
[web/png/somi-van-mockup-1-20220602170153-20220618070929.png]
[web/png/14-20220602170309-20220618070929.png]
[web/png/so-mi-trang-chu-bm-20220602170421-20220618070929.png]
[web/png/hghf-20220602171915-20220618072201.png]
[web/png/blackmiack-20220602172211-20220618072201.png]
[web/png/46346-20220602172348-20220618072201.png]
[web/png/gdg-20220602172646-20220618072201.png]
[web/png/ggdgr-20220602173016-20220618072201.png]
[web/png/img_1333-1-20220602173311-20220618072201.png]
[web/png/pink-20220602173619-20220618072201.png]
[web/png/img_1340-20220602173735-20220618072201.png]
[web/png/gdgd-20220602180714-20220618072914.png]
[web/png/at0001-front-t-1-20220602173900-20220618072201.png]
[web/png/kkk-20220602175902.png]
[web/png/dd-20220602180409.png]
[web/png/balvk-20220602180554.png]
[web/png/afaf-20220602180554.png]
[web/png/fafa-20220602180554.png]
[web/png/quan-20220602183050-20220618073300.png]
[web/png/gdfgd-20220602183644-20220618073300.png]
[web/png/jfhfh-20220602182425-20220618073259.png]
[web/png/ao-thun-3-20220603012810-20220618075340.png]
[web/png/ao-thun-4-20220603012810-20220618075340.png]
[web/png/img_6916-20220603043313-20220618080458.png]
[web/png/img_7236c-20220603043312-20220618080458.png]
[web/png/img_5644-20220603043313-20220618080458.png]
[web/png/img_4526d-15-20220603043312-20220618080458.png]
[web/png/beauty_1642598305474-20220603043312-20220618080457.png]
[web/png/img_7467_jpg-20220603043310-20220618080457.png]
[web/png/89b15885-b57a-49e0-93e1-fcdb78921340-20220603043310-20220618080457.png]
[web/png/nu-20220603044131-20220618080457.png]
[web/png/img_0030-20220603044534-20220618081304.png]
[web/png/varsity-4-20220603044527-20220618081304.png]
[web/png/img_5124-20220603044534-20220618081303.png]
[web/png/varsity-5-20220603044527-20220618081303.png]
[web/png/varisty-3-20220603044527-20220618081303.png]
[web/png/varsity-6-20220603044527-20220618081303.png]
[web/png/varsity-1-20220603044411-20220618081303.png]
[web/png/varsity-2-20220603044411-20220618081303.png]
[web/png/img_7332-20220603045014-20220618074304.png]
[web/png/img_7331-20220603045010-20220618074304.png]
[web/png/so-mi-3-20220603045028-20220618074304.png]
[web/png/so-mi-1-20220603045028-20220618074304.png]
[web/png/img_7340-20220603045010-20220618074304.png]
[web/png/img_7337-20220603045014-20220618074304.png]
[web/png/so-mi-2-20220603045028-20220618074304.png]
[web/png/img_7338-20220603045006-20220618074304.png]
[web/png/738-20220602155224.png]
[web/png/logo--88947841.png]
[web/png/phi-hanh-gia-20220609035308.png]
[web/png/phi-hanh-gia-2-20220609041335.png]
[web/png/738--103874343.png]
[web/png/33-20220609025416.png]
[web/png/813-20220602164237.png]
[web/png/vong--104874729.png]
[web/png/khung--104874729.png]
[web/png/khung-a-20220602153759.png]
[web/png/global--104874730.png]
[web/png/khung-caro--104874730.png]
[web/png/hadow--104874735.png]
[web/png/global-20220602154135.png]
[web/png/star--104874737.png]
[web/png/ao-1-20220601154832--87958815.png]
[web/png/ao-2-20220601154832--87958815.png]
[web/png/ao-3-20220601154832--87958815.png]
[web/png/shadow--104874735.png]
[web/png/khung-20220602154455.png]
[web/png/sao-star-20220602154300.png]
[web/png/earth--104874736.png]
[web/png/cta--104874737.png]
[web/png/ao-so-mi-20220601161719--87958815.png]
[web/png/khung-b--104867848.png]
[web/png/400-20220602161557.png]
[web/png/vong--104863967.png]
[web/png/nam-20220601171014--87958815.png]
[web/png/nuec-20220601171014--87958815.png]
[web/png/vong-a--104858553.png]
[web/png/logo-dden--87964843.png]
[web/png/vong-vc--104858260.png]
[web/png/khung-sao--104858260.png]
[web/png/caro--104857265.png]
[web/png/trang-20220602163614.png]
[web/png/shdwo-2--104857266.png]
[web/png/ao-4-20220601172309--87958815.png]
[web/png/ao-5-20220601172309--87958815.png]
[web/png/ao-6-20220601172309--87958815.png]
[web/png/line--104857259.png]
[web/png/sow--104857265.png]
[web/png/gfg-20220602164037.png]
[web/png/gsegr-20220602164037.png]
[web/png/logo--88947842.png]
[web/png/sweet-plant-trang-1-20220602165759--87958638.png]
[web/png/somi-van-mockup-1-20220602170153--87958638.png]
[web/png/14-20220602170309--87958638.png]
[web/png/so-mi-trang-chu-bm-20220602170421--87958638.png]
[web/png/hghf-20220602171915--87957366.png]
[web/png/blackmiack-20220602172211--87957366.png]
[web/png/46346-20220602172348--87957366.png]
[web/png/gdg-20220602172646--87957366.png]
[web/png/img_1333-1-20220602173311--87957366.png]
[web/png/ggdgr-20220602173016--87957366.png]
[web/png/pink-20220602173619--87957366.png]
[web/png/img_1340-20220602173735--87957366.png]
[web/png/at0001-front-t-1-20220602173900--87957366.png]
[web/png/gdgd-20220602180714--87956653.png]
[web/png/kkk--103853665.png]
[web/png/dd--103849158.png]
[web/png/afaf--103849013.png]
[web/png/jfhfh-20220602182425--87956308.png]
[web/png/quan-20220602183050--87956267.png]
[web/png/gdfgd-20220602183644--87956267.png]
[web/png/738--103874344.png]
[web/png/vong--104874730.png]
[web/png/khung-goc--104857265.png]
[web/css/ladipage.minc647.css]
[web/62ad8d12bc53d700d6641c4e.html]
[web/css/ladipage.minc647.css]
[web/js/location.vn.minc647.js]
